###############################################################################
#
# IAR ANSI C/C++ Compiler V7.20.2.7424/W32 for ARM        18/Feb/2016  13:23:08
# Copyright 1999-2014 IAR Systems AB.
#
#    Cpu mode     =  thumb
#    Endian       =  little
#    Source file  =  E:\freescale_racing\SmartCar_K60_TeamBLANK\source\CCD.c
#    Command line =  
#        E:\freescale_racing\SmartCar_K60_TeamBLANK\source\CCD.c -lCN
#        E:\freescale_racing\SmartCar_K60_TeamBLANK\FLASH\List\ -lB
#        E:\freescale_racing\SmartCar_K60_TeamBLANK\FLASH\List\ -o
#        E:\freescale_racing\SmartCar_K60_TeamBLANK\FLASH\Obj\ --no_cse
#        --no_unroll --no_inline --no_code_motion --no_tbaa --no_clustering
#        --no_scheduling --debug --endian=little --cpu=Cortex-M4 -e
#        --char_is_signed --fpu=None --dlib_config "C:\Program Files (x86)\IAR
#        Systems\Embedded Workbench 7.0\arm\INC\c\DLib_Config_Normal.h" -I
#        E:\freescale_racing\SmartCar_K60_TeamBLANK\source\ -I
#        E:\freescale_racing\SmartCar_K60_TeamBLANK\common\ -I
#        E:\freescale_racing\SmartCar_K60_TeamBLANK\LPLD\ -I
#        E:\freescale_racing\SmartCar_K60_TeamBLANK\LPLD\HW\ -I
#        E:\freescale_racing\SmartCar_K60_TeamBLANK\LPLD\DEV\ -Ol -I
#        "C:\Program Files (x86)\IAR Systems\Embedded Workbench
#        7.0\arm\CMSIS\Include\" -D ARM_MATH_CM4
#    List file    =  
#        E:\freescale_racing\SmartCar_K60_TeamBLANK\FLASH\List\CCD.lst
#    Object file  =  E:\freescale_racing\SmartCar_K60_TeamBLANK\FLASH\Obj\CCD.o
#
###############################################################################

E:\freescale_racing\SmartCar_K60_TeamBLANK\source\CCD.c
      1          /*
      2          Arthor : Qian Qiyang (KisaragiAyanoo@twitter)
      3          Date : 2015/12/01
      4          License : MIT
      5          */
      6          
      7          #include "includes.h"
      8          
      9          
     10          
     11          // ===== Variables ======
     12          //---- GLOBAL ----
     13          

   \                                 In section .bss, align 4
     14          U8 ccd1_line[128];
   \                     ccd1_line:
   \   00000000                      DS8 128

   \                                 In section .bss, align 4
     15          U8 ccd2_line[128];
   \                     ccd2_line:
   \   00000000                      DS8 128
     16          
     17          //---- LOCAL ---
     18          
     19          
     20          
     21          // ===== Function Declaration ===== ( Local ) ( No need for users to use)
     22          
     23            // -- Basic Drivers --
     24          u32 AD_Sample_CCD1();
     25          u32 AD_Sample_CCD2();
     26          
     27            // --  Hardware Interface --
     28          void CCD1_SI(u8 x);
     29          void CCD2_SI(u8 x);
     30          void CCD1_CLK(u8 x);
     31          void CCD2_CLK(u8 x);
     32          
     33          
     34          
     35          // =======  Function Realization ======
     36          

   \                                 In section .text, align 4, keep-with-next
     37          void CCD1_GetLine(U8 * ccd_line)
     38          {
   \                     CCD1_GetLine: (+1)
   \   00000000   0xB510             PUSH     {R4,LR}
     39            u8 i;
     40           	
     41            //Collect pixels.
     42            //Sned SI
     43            CCD1_SI(1);  //SI = 1, t = 0
   \   00000002   0x2001             MOVS     R0,#+1
   \   00000004   0x.... 0x....      BL       CCD1_SI
     44            
     45            asm("nop");asm("nop");
   \   00000008   0xBF00             nop
   \   0000000A   0xBF00             nop
     46            
     47            CCD1_CLK(1); //CLK = 1, dt = 75ns
   \   0000000C   0x2001             MOVS     R0,#+1
   \   0000000E   0x.... 0x....      BL       CCD1_CLK
     48            CCD1_SI(0);  //SI = 0, dt = 50ns
   \   00000012   0x2000             MOVS     R0,#+0
   \   00000014   0x.... 0x....      BL       CCD1_SI
     49            
     50            //First pixel.
     51            asm("nop");asm("nop");asm("nop");asm("nop");asm("nop");
   \   00000018   0xBF00             nop
   \   0000001A   0xBF00             nop
   \   0000001C   0xBF00             nop
   \   0000001E   0xBF00             nop
   \   00000020   0xBF00             nop
     52            asm("nop");asm("nop");asm("nop");asm("nop");asm("nop");
   \   00000022   0xBF00             nop
   \   00000024   0xBF00             nop
   \   00000026   0xBF00             nop
   \   00000028   0xBF00             nop
   \   0000002A   0xBF00             nop
     53            
     54            ccd1_line[0] = AD_Sample_CCD1();
   \   0000002C   0x.... 0x....      BL       AD_Sample_CCD1
   \   00000030   0x....             LDR.N    R1,??DataTable8
   \   00000032   0x7008             STRB     R0,[R1, #+0]
     55            
     56            CCD1_CLK(0); //CLK = 0
   \   00000034   0x2000             MOVS     R0,#+0
   \   00000036   0x.... 0x....      BL       CCD1_CLK
     57           
     58            //2~128 CLK
     59            for(i=1; i<128; i++)
   \   0000003A   0x2401             MOVS     R4,#+1
   \   0000003C   0xE01B             B.N      ??CCD1_GetLine_0
     60            {
     61              
     62              asm("nop");asm("nop");asm("nop");asm("nop");asm("nop");asm("nop");
   \                     ??CCD1_GetLine_1: (+1)
   \   0000003E   0xBF00             nop
   \   00000040   0xBF00             nop
   \   00000042   0xBF00             nop
   \   00000044   0xBF00             nop
   \   00000046   0xBF00             nop
   \   00000048   0xBF00             nop
     63              
     64              CCD1_CLK(1);  //CLK = 1, dt = 125ns
   \   0000004A   0x2001             MOVS     R0,#+1
   \   0000004C   0x.... 0x....      BL       CCD1_CLK
     65              
     66              asm("nop");asm("nop");asm("nop");asm("nop");asm("nop");
   \   00000050   0xBF00             nop
   \   00000052   0xBF00             nop
   \   00000054   0xBF00             nop
   \   00000056   0xBF00             nop
   \   00000058   0xBF00             nop
     67              asm("nop");asm("nop");asm("nop");asm("nop");asm("nop");
   \   0000005A   0xBF00             nop
   \   0000005C   0xBF00             nop
   \   0000005E   0xBF00             nop
   \   00000060   0xBF00             nop
   \   00000062   0xBF00             nop
     68              
     69              ccd1_line[i] = AD_Sample_CCD1();
   \   00000064   0x.... 0x....      BL       AD_Sample_CCD1
   \   00000068   0x....             LDR.N    R1,??DataTable8
   \   0000006A   0xB2E4             UXTB     R4,R4            ;; ZeroExt  R4,R4,#+24,#+24
   \   0000006C   0x5460             STRB     R0,[R4, R1]
     70              
     71              CCD1_CLK(0);  //CLK = 0.
   \   0000006E   0x2000             MOVS     R0,#+0
   \   00000070   0x.... 0x....      BL       CCD1_CLK
     72            }
   \   00000074   0x1C64             ADDS     R4,R4,#+1
   \                     ??CCD1_GetLine_0: (+1)
   \   00000076   0xB2E4             UXTB     R4,R4            ;; ZeroExt  R4,R4,#+24,#+24
   \   00000078   0x2C80             CMP      R4,#+128
   \   0000007A   0xDBE0             BLT.N    ??CCD1_GetLine_1
     73           
     74            //129 CLK
     75            
     76            asm("nop");asm("nop");asm("nop");asm("nop");asm("nop");asm("nop");
   \   0000007C   0xBF00             nop
   \   0000007E   0xBF00             nop
   \   00000080   0xBF00             nop
   \   00000082   0xBF00             nop
   \   00000084   0xBF00             nop
   \   00000086   0xBF00             nop
     77            
     78            CCD1_CLK(1);  //CLK = 1.
   \   00000088   0x2001             MOVS     R0,#+1
   \   0000008A   0x.... 0x....      BL       CCD1_CLK
     79            
     80            asm("nop");asm("nop");asm("nop");asm("nop");asm("nop");asm("nop");
   \   0000008E   0xBF00             nop
   \   00000090   0xBF00             nop
   \   00000092   0xBF00             nop
   \   00000094   0xBF00             nop
   \   00000096   0xBF00             nop
   \   00000098   0xBF00             nop
     81            
     82            CCD1_CLK(0);  //CLK = 0.
   \   0000009A   0x2000             MOVS     R0,#+0
   \   0000009C   0x.... 0x....      BL       CCD1_CLK
     83          }
   \   000000A0   0xBD10             POP      {R4,PC}          ;; return
     84          
     85          

   \                                 In section .text, align 4, keep-with-next
     86          void CCD2_GetLine(U8 * ccd_line)
     87          {
   \                     CCD2_GetLine: (+1)
   \   00000000   0xB510             PUSH     {R4,LR}
     88            u8 i;
     89           	
     90            //Collect pixels.
     91            //Sned SI
     92            CCD2_SI(1);  //SI = 1, t = 0
   \   00000002   0x2001             MOVS     R0,#+1
   \   00000004   0x.... 0x....      BL       CCD2_SI
     93            
     94            asm("nop");asm("nop");
   \   00000008   0xBF00             nop
   \   0000000A   0xBF00             nop
     95            
     96            CCD2_CLK(1); //CLK = 1, dt = 75ns
   \   0000000C   0x2001             MOVS     R0,#+1
   \   0000000E   0x.... 0x....      BL       CCD2_CLK
     97            CCD2_SI(0);  //SI = 0, dt = 50ns
   \   00000012   0x2000             MOVS     R0,#+0
   \   00000014   0x.... 0x....      BL       CCD2_SI
     98            
     99            //First pixel.
    100            asm("nop");asm("nop");asm("nop");asm("nop");asm("nop");
   \   00000018   0xBF00             nop
   \   0000001A   0xBF00             nop
   \   0000001C   0xBF00             nop
   \   0000001E   0xBF00             nop
   \   00000020   0xBF00             nop
    101            asm("nop");asm("nop");asm("nop");asm("nop");asm("nop");
   \   00000022   0xBF00             nop
   \   00000024   0xBF00             nop
   \   00000026   0xBF00             nop
   \   00000028   0xBF00             nop
   \   0000002A   0xBF00             nop
    102            
    103            ccd2_line[0] = AD_Sample_CCD2();
   \   0000002C   0x.... 0x....      BL       AD_Sample_CCD2
   \   00000030   0x....             LDR.N    R1,??DataTable8_1
   \   00000032   0x7008             STRB     R0,[R1, #+0]
    104            
    105            CCD2_CLK(0); //CLK = 0
   \   00000034   0x2000             MOVS     R0,#+0
   \   00000036   0x.... 0x....      BL       CCD2_CLK
    106           
    107            //2~128 CLK
    108            for(i=1; i<128; i++)
   \   0000003A   0x2401             MOVS     R4,#+1
   \   0000003C   0xE01B             B.N      ??CCD2_GetLine_0
    109            {
    110              
    111              asm("nop");asm("nop");asm("nop");asm("nop");asm("nop");asm("nop");
   \                     ??CCD2_GetLine_1: (+1)
   \   0000003E   0xBF00             nop
   \   00000040   0xBF00             nop
   \   00000042   0xBF00             nop
   \   00000044   0xBF00             nop
   \   00000046   0xBF00             nop
   \   00000048   0xBF00             nop
    112              
    113              CCD2_CLK(1);  //CLK = 1, dt = 125ns
   \   0000004A   0x2001             MOVS     R0,#+1
   \   0000004C   0x.... 0x....      BL       CCD2_CLK
    114              
    115              asm("nop");asm("nop");asm("nop");asm("nop");asm("nop");
   \   00000050   0xBF00             nop
   \   00000052   0xBF00             nop
   \   00000054   0xBF00             nop
   \   00000056   0xBF00             nop
   \   00000058   0xBF00             nop
    116              asm("nop");asm("nop");asm("nop");asm("nop");asm("nop");
   \   0000005A   0xBF00             nop
   \   0000005C   0xBF00             nop
   \   0000005E   0xBF00             nop
   \   00000060   0xBF00             nop
   \   00000062   0xBF00             nop
    117              
    118              ccd2_line[i] = AD_Sample_CCD2();
   \   00000064   0x.... 0x....      BL       AD_Sample_CCD2
   \   00000068   0x....             LDR.N    R1,??DataTable8_1
   \   0000006A   0xB2E4             UXTB     R4,R4            ;; ZeroExt  R4,R4,#+24,#+24
   \   0000006C   0x5460             STRB     R0,[R4, R1]
    119              
    120              CCD2_CLK(0);  //CLK = 0.
   \   0000006E   0x2000             MOVS     R0,#+0
   \   00000070   0x.... 0x....      BL       CCD2_CLK
    121            }
   \   00000074   0x1C64             ADDS     R4,R4,#+1
   \                     ??CCD2_GetLine_0: (+1)
   \   00000076   0xB2E4             UXTB     R4,R4            ;; ZeroExt  R4,R4,#+24,#+24
   \   00000078   0x2C80             CMP      R4,#+128
   \   0000007A   0xDBE0             BLT.N    ??CCD2_GetLine_1
    122           
    123            //129 CLK
    124            
    125            asm("nop");asm("nop");asm("nop");asm("nop");asm("nop");asm("nop");
   \   0000007C   0xBF00             nop
   \   0000007E   0xBF00             nop
   \   00000080   0xBF00             nop
   \   00000082   0xBF00             nop
   \   00000084   0xBF00             nop
   \   00000086   0xBF00             nop
    126            
    127            CCD2_CLK(1);  //CLK = 1.
   \   00000088   0x2001             MOVS     R0,#+1
   \   0000008A   0x.... 0x....      BL       CCD2_CLK
    128            
    129            asm("nop");asm("nop");asm("nop");asm("nop");asm("nop");asm("nop");
   \   0000008E   0xBF00             nop
   \   00000090   0xBF00             nop
   \   00000092   0xBF00             nop
   \   00000094   0xBF00             nop
   \   00000096   0xBF00             nop
   \   00000098   0xBF00             nop
    130            
    131            CCD2_CLK(0);  //CLK = 0.
   \   0000009A   0x2000             MOVS     R0,#+0
   \   0000009C   0x.... 0x....      BL       CCD2_CLK
    132          }
   \   000000A0   0xBD10             POP      {R4,PC}          ;; return
    133          
    134            //  INIT 

   \                                 In section .text, align 2, keep-with-next
    135          void CCD_Init(){
    136            
    137            PORTB->PCR[20] |= PORT_PCR_MUX(1);    // 2 SI
   \                     CCD_Init: (+1)
   \   00000000   0x....             LDR.N    R0,??DataTable8_2  ;; 0x4004a050
   \   00000002   0x6800             LDR      R0,[R0, #+0]
   \   00000004   0xF450 0x7080      ORRS     R0,R0,#0x100
   \   00000008   0x....             LDR.N    R1,??DataTable8_2  ;; 0x4004a050
   \   0000000A   0x6008             STR      R0,[R1, #+0]
    138            PORTB->PCR[21] |= PORT_PCR_MUX(1);    // 1 SI
   \   0000000C   0x....             LDR.N    R0,??DataTable8_3  ;; 0x4004a054
   \   0000000E   0x6800             LDR      R0,[R0, #+0]
   \   00000010   0xF450 0x7080      ORRS     R0,R0,#0x100
   \   00000014   0x....             LDR.N    R1,??DataTable8_3  ;; 0x4004a054
   \   00000016   0x6008             STR      R0,[R1, #+0]
    139            PORTB->PCR[22] |= PORT_PCR_MUX(1);    // 2 CLK
   \   00000018   0x....             LDR.N    R0,??DataTable8_4  ;; 0x4004a058
   \   0000001A   0x6800             LDR      R0,[R0, #+0]
   \   0000001C   0xF450 0x7080      ORRS     R0,R0,#0x100
   \   00000020   0x....             LDR.N    R1,??DataTable8_4  ;; 0x4004a058
   \   00000022   0x6008             STR      R0,[R1, #+0]
    140            PORTB->PCR[23] |= PORT_PCR_MUX(1);    // 1 CLK
   \   00000024   0x....             LDR.N    R0,??DataTable8_5  ;; 0x4004a05c
   \   00000026   0x6800             LDR      R0,[R0, #+0]
   \   00000028   0xF450 0x7080      ORRS     R0,R0,#0x100
   \   0000002C   0x....             LDR.N    R1,??DataTable8_5  ;; 0x4004a05c
   \   0000002E   0x6008             STR      R0,[R1, #+0]
    141            PTB->PDDR |= (0xf<<20);
   \   00000030   0x....             LDR.N    R0,??DataTable8_6  ;; 0x400ff054
   \   00000032   0x6800             LDR      R0,[R0, #+0]
   \   00000034   0xF450 0x0070      ORRS     R0,R0,#0xF00000
   \   00000038   0x....             LDR.N    R1,??DataTable8_6  ;; 0x400ff054
   \   0000003A   0x6008             STR      R0,[R1, #+0]
    142            
    143            SIM->SCGC6 |= SIM_SCGC6_ADC0_MASK;//ADC0 Clock Enable
   \   0000003C   0x....             LDR.N    R0,??DataTable8_7  ;; 0x4004803c
   \   0000003E   0x6800             LDR      R0,[R0, #+0]
   \   00000040   0xF050 0x6000      ORRS     R0,R0,#0x8000000
   \   00000044   0x....             LDR.N    R1,??DataTable8_7  ;; 0x4004803c
   \   00000046   0x6008             STR      R0,[R1, #+0]
    144            ADC0->CFG1 |= 0
    145                       //|ADC_CFG1_ADLPC_MASK
    146                       | ADC_CFG1_ADICLK(1)
    147                       | ADC_CFG1_MODE(0);
   \   00000048   0x....             LDR.N    R0,??DataTable8_8  ;; 0x4003b008
   \   0000004A   0x6800             LDR      R0,[R0, #+0]
   \   0000004C   0xF050 0x0001      ORRS     R0,R0,#0x1
   \   00000050   0x....             LDR.N    R1,??DataTable8_8  ;; 0x4003b008
   \   00000052   0x6008             STR      R0,[R1, #+0]
    148                       //| ADC_CFG1_ADIV(0);
    149            ADC0->CFG2 |= //ADC_CFG2_ADHSC_MASK |
    150                          ADC_CFG2_ADACKEN_MASK; 
   \   00000054   0x....             LDR.N    R0,??DataTable8_9  ;; 0x4003b00c
   \   00000056   0x6800             LDR      R0,[R0, #+0]
   \   00000058   0xF050 0x0008      ORRS     R0,R0,#0x8
   \   0000005C   0x....             LDR.N    R1,??DataTable8_9  ;; 0x4003b00c
   \   0000005E   0x6008             STR      R0,[R1, #+0]
    151            
    152            ADC0->SC1[0]&=~ADC_SC1_AIEN_MASK;//disenble interrupt
   \   00000060   0x....             LDR.N    R0,??DataTable8_10  ;; 0x4003b000
   \   00000062   0x6800             LDR      R0,[R0, #+0]
   \   00000064   0xF030 0x0040      BICS     R0,R0,#0x40
   \   00000068   0x....             LDR.N    R1,??DataTable8_10  ;; 0x4003b000
   \   0000006A   0x6008             STR      R0,[R1, #+0]
    153            
    154            PORTC->PCR[0]|=PORT_PCR_MUX(0);//adc0-14
   \   0000006C   0x....             LDR.N    R0,??DataTable8_11  ;; 0x4004b000
   \   0000006E   0x6800             LDR      R0,[R0, #+0]
   \   00000070   0x....             LDR.N    R1,??DataTable8_11  ;; 0x4004b000
   \   00000072   0x6008             STR      R0,[R1, #+0]
    155            PORTC->PCR[1]|=PORT_PCR_MUX(0);//adc0-15
   \   00000074   0x....             LDR.N    R0,??DataTable8_12  ;; 0x4004b004
   \   00000076   0x6800             LDR      R0,[R0, #+0]
   \   00000078   0x....             LDR.N    R1,??DataTable8_12  ;; 0x4004b004
   \   0000007A   0x6008             STR      R0,[R1, #+0]
    156            
    157            
    158          }
   \   0000007C   0x4770             BX       LR               ;; return
    159          
    160          
    161          // ======= Basic Drivers ======
    162          

   \                                 In section .text, align 2, keep-with-next
    163          u32 AD_Sample_CCD1(){
    164            ADC0->SC1[0] = ADC_SC1_ADCH(15);
   \                     AD_Sample_CCD1: (+1)
   \   00000000   0x200F             MOVS     R0,#+15
   \   00000002   0x....             LDR.N    R1,??DataTable8_10  ;; 0x4003b000
   \   00000004   0x6008             STR      R0,[R1, #+0]
    165            while((ADC0->SC1[0]&ADC_SC1_COCO_MASK)==0);
   \                     ??AD_Sample_CCD1_0: (+1)
   \   00000006   0x....             LDR.N    R0,??DataTable8_10  ;; 0x4003b000
   \   00000008   0x6800             LDR      R0,[R0, #+0]
   \   0000000A   0x0600             LSLS     R0,R0,#+24
   \   0000000C   0xD5FB             BPL.N    ??AD_Sample_CCD1_0
    166            return ADC0->R[0];
   \   0000000E   0x....             LDR.N    R0,??DataTable8_13  ;; 0x4003b010
   \   00000010   0x6800             LDR      R0,[R0, #+0]
   \   00000012   0x4770             BX       LR               ;; return
    167          }

   \                                 In section .text, align 2, keep-with-next
    168          u32 AD_Sample_CCD2(){
    169            ADC0->SC1[0] = ADC_SC1_ADCH(14);
   \                     AD_Sample_CCD2: (+1)
   \   00000000   0x200E             MOVS     R0,#+14
   \   00000002   0x....             LDR.N    R1,??DataTable8_10  ;; 0x4003b000
   \   00000004   0x6008             STR      R0,[R1, #+0]
    170            while((ADC0->SC1[0]&ADC_SC1_COCO_MASK)==0);
   \                     ??AD_Sample_CCD2_0: (+1)
   \   00000006   0x....             LDR.N    R0,??DataTable8_10  ;; 0x4003b000
   \   00000008   0x6800             LDR      R0,[R0, #+0]
   \   0000000A   0x0600             LSLS     R0,R0,#+24
   \   0000000C   0xD5FB             BPL.N    ??AD_Sample_CCD2_0
    171            return ADC0->R[0];
   \   0000000E   0x....             LDR.N    R0,??DataTable8_13  ;; 0x4003b010
   \   00000010   0x6800             LDR      R0,[R0, #+0]
   \   00000012   0x4770             BX       LR               ;; return
    172          }
    173             
    174          // ===== Hardware Interface =====

   \                                 In section .text, align 2, keep-with-next
    175          void CCD1_SI(u8 x){
    176            if(x)
   \                     CCD1_SI: (+1)
   \   00000000   0xB2C0             UXTB     R0,R0            ;; ZeroExt  R0,R0,#+24,#+24
   \   00000002   0x2800             CMP      R0,#+0
   \   00000004   0xD006             BEQ.N    ??CCD1_SI_0
    177              PTB->PSOR |= 1<<21;
   \   00000006   0x....             LDR.N    R0,??DataTable8_14  ;; 0x400ff044
   \   00000008   0x6800             LDR      R0,[R0, #+0]
   \   0000000A   0xF450 0x1000      ORRS     R0,R0,#0x200000
   \   0000000E   0x....             LDR.N    R1,??DataTable8_14  ;; 0x400ff044
   \   00000010   0x6008             STR      R0,[R1, #+0]
   \   00000012   0xE005             B.N      ??CCD1_SI_1
    178            else
    179              PTB->PCOR |= 1<<21;
   \                     ??CCD1_SI_0: (+1)
   \   00000014   0x....             LDR.N    R0,??DataTable8_15  ;; 0x400ff048
   \   00000016   0x6800             LDR      R0,[R0, #+0]
   \   00000018   0xF450 0x1000      ORRS     R0,R0,#0x200000
   \   0000001C   0x....             LDR.N    R1,??DataTable8_15  ;; 0x400ff048
   \   0000001E   0x6008             STR      R0,[R1, #+0]
    180          }
   \                     ??CCD1_SI_1: (+1)
   \   00000020   0x4770             BX       LR               ;; return

   \                                 In section .text, align 2, keep-with-next
    181          void CCD2_SI(u8 x){
    182            if(x)
   \                     CCD2_SI: (+1)
   \   00000000   0xB2C0             UXTB     R0,R0            ;; ZeroExt  R0,R0,#+24,#+24
   \   00000002   0x2800             CMP      R0,#+0
   \   00000004   0xD006             BEQ.N    ??CCD2_SI_0
    183              PTB->PSOR |= 1<<20;
   \   00000006   0x....             LDR.N    R0,??DataTable8_14  ;; 0x400ff044
   \   00000008   0x6800             LDR      R0,[R0, #+0]
   \   0000000A   0xF450 0x1080      ORRS     R0,R0,#0x100000
   \   0000000E   0x....             LDR.N    R1,??DataTable8_14  ;; 0x400ff044
   \   00000010   0x6008             STR      R0,[R1, #+0]
   \   00000012   0xE005             B.N      ??CCD2_SI_1
    184            else
    185              PTB->PCOR |= 1<<20;
   \                     ??CCD2_SI_0: (+1)
   \   00000014   0x....             LDR.N    R0,??DataTable8_15  ;; 0x400ff048
   \   00000016   0x6800             LDR      R0,[R0, #+0]
   \   00000018   0xF450 0x1080      ORRS     R0,R0,#0x100000
   \   0000001C   0x....             LDR.N    R1,??DataTable8_15  ;; 0x400ff048
   \   0000001E   0x6008             STR      R0,[R1, #+0]
    186          }
   \                     ??CCD2_SI_1: (+1)
   \   00000020   0x4770             BX       LR               ;; return
    187          

   \                                 In section .text, align 2, keep-with-next
    188          void CCD1_CLK(u8 x){
    189            if(x)
   \                     CCD1_CLK: (+1)
   \   00000000   0xB2C0             UXTB     R0,R0            ;; ZeroExt  R0,R0,#+24,#+24
   \   00000002   0x2800             CMP      R0,#+0
   \   00000004   0xD006             BEQ.N    ??CCD1_CLK_0
    190              PTB->PSOR |= 1<<23;
   \   00000006   0x....             LDR.N    R0,??DataTable8_14  ;; 0x400ff044
   \   00000008   0x6800             LDR      R0,[R0, #+0]
   \   0000000A   0xF450 0x0000      ORRS     R0,R0,#0x800000
   \   0000000E   0x....             LDR.N    R1,??DataTable8_14  ;; 0x400ff044
   \   00000010   0x6008             STR      R0,[R1, #+0]
   \   00000012   0xE005             B.N      ??CCD1_CLK_1
    191            else
    192              PTB->PCOR |= 1<<23;
   \                     ??CCD1_CLK_0: (+1)
   \   00000014   0x....             LDR.N    R0,??DataTable8_15  ;; 0x400ff048
   \   00000016   0x6800             LDR      R0,[R0, #+0]
   \   00000018   0xF450 0x0000      ORRS     R0,R0,#0x800000
   \   0000001C   0x....             LDR.N    R1,??DataTable8_15  ;; 0x400ff048
   \   0000001E   0x6008             STR      R0,[R1, #+0]
    193          }
   \                     ??CCD1_CLK_1: (+1)
   \   00000020   0x4770             BX       LR               ;; return

   \                                 In section .text, align 2, keep-with-next
    194          void CCD2_CLK(u8 x){
    195            if(x)
   \                     CCD2_CLK: (+1)
   \   00000000   0xB2C0             UXTB     R0,R0            ;; ZeroExt  R0,R0,#+24,#+24
   \   00000002   0x2800             CMP      R0,#+0
   \   00000004   0xD006             BEQ.N    ??CCD2_CLK_0
    196              PTB->PSOR |= 1<<22;
   \   00000006   0x....             LDR.N    R0,??DataTable8_14  ;; 0x400ff044
   \   00000008   0x6800             LDR      R0,[R0, #+0]
   \   0000000A   0xF450 0x0080      ORRS     R0,R0,#0x400000
   \   0000000E   0x....             LDR.N    R1,??DataTable8_14  ;; 0x400ff044
   \   00000010   0x6008             STR      R0,[R1, #+0]
   \   00000012   0xE005             B.N      ??CCD2_CLK_1
    197            else
    198              PTB->PCOR |= 1<<22;
   \                     ??CCD2_CLK_0: (+1)
   \   00000014   0x....             LDR.N    R0,??DataTable8_15  ;; 0x400ff048
   \   00000016   0x6800             LDR      R0,[R0, #+0]
   \   00000018   0xF450 0x0080      ORRS     R0,R0,#0x400000
   \   0000001C   0x....             LDR.N    R1,??DataTable8_15  ;; 0x400ff048
   \   0000001E   0x6008             STR      R0,[R1, #+0]
    199          }
   \                     ??CCD2_CLK_1: (+1)
   \   00000020   0x4770             BX       LR               ;; return

   \                                 In section .text, align 4, keep-with-next
   \                     ??DataTable8:
   \   00000000   0x........         DC32     ccd1_line

   \                                 In section .text, align 4, keep-with-next
   \                     ??DataTable8_1:
   \   00000000   0x........         DC32     ccd2_line

   \                                 In section .text, align 4, keep-with-next
   \                     ??DataTable8_2:
   \   00000000   0x4004A050         DC32     0x4004a050

   \                                 In section .text, align 4, keep-with-next
   \                     ??DataTable8_3:
   \   00000000   0x4004A054         DC32     0x4004a054

   \                                 In section .text, align 4, keep-with-next
   \                     ??DataTable8_4:
   \   00000000   0x4004A058         DC32     0x4004a058

   \                                 In section .text, align 4, keep-with-next
   \                     ??DataTable8_5:
   \   00000000   0x4004A05C         DC32     0x4004a05c

   \                                 In section .text, align 4, keep-with-next
   \                     ??DataTable8_6:
   \   00000000   0x400FF054         DC32     0x400ff054

   \                                 In section .text, align 4, keep-with-next
   \                     ??DataTable8_7:
   \   00000000   0x4004803C         DC32     0x4004803c

   \                                 In section .text, align 4, keep-with-next
   \                     ??DataTable8_8:
   \   00000000   0x4003B008         DC32     0x4003b008

   \                                 In section .text, align 4, keep-with-next
   \                     ??DataTable8_9:
   \   00000000   0x4003B00C         DC32     0x4003b00c

   \                                 In section .text, align 4, keep-with-next
   \                     ??DataTable8_10:
   \   00000000   0x4003B000         DC32     0x4003b000

   \                                 In section .text, align 4, keep-with-next
   \                     ??DataTable8_11:
   \   00000000   0x4004B000         DC32     0x4004b000

   \                                 In section .text, align 4, keep-with-next
   \                     ??DataTable8_12:
   \   00000000   0x4004B004         DC32     0x4004b004

   \                                 In section .text, align 4, keep-with-next
   \                     ??DataTable8_13:
   \   00000000   0x4003B010         DC32     0x4003b010

   \                                 In section .text, align 4, keep-with-next
   \                     ??DataTable8_14:
   \   00000000   0x400FF044         DC32     0x400ff044

   \                                 In section .text, align 4, keep-with-next
   \                     ??DataTable8_15:
   \   00000000   0x400FF048         DC32     0x400ff048
    200          

   Maximum stack usage in bytes:

   .cstack Function
   ------- --------
       0   AD_Sample_CCD1
       0   AD_Sample_CCD2
       0   CCD1_CLK
       8   CCD1_GetLine
         8   -> AD_Sample_CCD1
         8   -> CCD1_CLK
         8   -> CCD1_SI
       0   CCD1_SI
       0   CCD2_CLK
       8   CCD2_GetLine
         8   -> AD_Sample_CCD2
         8   -> CCD2_CLK
         8   -> CCD2_SI
       0   CCD2_SI
       0   CCD_Init


   Section sizes:

   Bytes  Function/Label
   -----  --------------
       4  ??DataTable8
       4  ??DataTable8_1
       4  ??DataTable8_10
       4  ??DataTable8_11
       4  ??DataTable8_12
       4  ??DataTable8_13
       4  ??DataTable8_14
       4  ??DataTable8_15
       4  ??DataTable8_2
       4  ??DataTable8_3
       4  ??DataTable8_4
       4  ??DataTable8_5
       4  ??DataTable8_6
       4  ??DataTable8_7
       4  ??DataTable8_8
       4  ??DataTable8_9
      20  AD_Sample_CCD1
      20  AD_Sample_CCD2
      34  CCD1_CLK
     162  CCD1_GetLine
      34  CCD1_SI
      34  CCD2_CLK
     162  CCD2_GetLine
      34  CCD2_SI
     126  CCD_Init
     128  ccd1_line
     128  ccd2_line

 
 256 bytes in section .bss
 690 bytes in section .text
 
 690 bytes of CODE memory
 256 bytes of DATA memory

Errors: none
Warnings: none
