###############################################################################
#
# IAR ANSI C/C++ Compiler V7.20.2.7424/W32 for ARM        19/Feb/2016  17:17:23
# Copyright 1999-2014 IAR Systems AB.
#
#    Cpu mode     =  thumb
#    Endian       =  little
#    Source file  =  E:\freescale_racing\SmartCar_K60_TeamBLANK\source\UART.c
#    Command line =  
#        E:\freescale_racing\SmartCar_K60_TeamBLANK\source\UART.c -lCN
#        E:\freescale_racing\SmartCar_K60_TeamBLANK\FLASH\List\ -lB
#        E:\freescale_racing\SmartCar_K60_TeamBLANK\FLASH\List\ -o
#        E:\freescale_racing\SmartCar_K60_TeamBLANK\FLASH\Obj\ --no_cse
#        --no_unroll --no_inline --no_code_motion --no_tbaa --no_clustering
#        --no_scheduling --debug --endian=little --cpu=Cortex-M4 -e
#        --char_is_signed --fpu=None --dlib_config "C:\Program Files (x86)\IAR
#        Systems\Embedded Workbench 7.0\arm\INC\c\DLib_Config_Normal.h" -I
#        E:\freescale_racing\SmartCar_K60_TeamBLANK\source\ -I
#        E:\freescale_racing\SmartCar_K60_TeamBLANK\common\ -I
#        E:\freescale_racing\SmartCar_K60_TeamBLANK\LPLD\ -I
#        E:\freescale_racing\SmartCar_K60_TeamBLANK\LPLD\HW\ -I
#        E:\freescale_racing\SmartCar_K60_TeamBLANK\LPLD\DEV\ -Ol -I
#        "C:\Program Files (x86)\IAR Systems\Embedded Workbench
#        7.0\arm\CMSIS\Include\" -D ARM_MATH_CM4
#    List file    =  
#        E:\freescale_racing\SmartCar_K60_TeamBLANK\FLASH\List\UART.lst
#    Object file  =  
#        E:\freescale_racing\SmartCar_K60_TeamBLANK\FLASH\Obj\UART.o
#
###############################################################################

E:\freescale_racing\SmartCar_K60_TeamBLANK\source\UART.c
      1          /*
      2          Arthor : Qian Qiyang (KisaragiAyanoo@twitter)
      3          Date : 2015/12/01
      4          License : MIT
      5          */
      6          
      7          #include "includes.h"

   \                                 In section .text, align 2, keep-with-next
   \   static __interwork __softfp void NVIC_EnableIRQ(IRQn_Type)
   \                     NVIC_EnableIRQ: (+1)
   \   00000000   0x2101             MOVS     R1,#+1
   \   00000002   0xF010 0x021F      ANDS     R2,R0,#0x1F
   \   00000006   0x4091             LSLS     R1,R1,R2
   \   00000008   0x.... 0x....      LDR.W    R2,??DataTable11  ;; 0xe000e100
   \   0000000C   0xB240             SXTB     R0,R0            ;; SignExt  R0,R0,#+24,#+24
   \   0000000E   0x0940             LSRS     R0,R0,#+5
   \   00000010   0xF842 0x1020      STR      R1,[R2, R0, LSL #+2]
   \   00000014   0x4770             BX       LR               ;; return

   \                                 In section .text, align 2, keep-with-next
   \   static __interwork __softfp void NVIC_SetPriority(IRQn_Type, uint32_t)
   \                     NVIC_SetPriority: (+1)
   \   00000000   0xB240             SXTB     R0,R0            ;; SignExt  R0,R0,#+24,#+24
   \   00000002   0x2800             CMP      R0,#+0
   \   00000004   0xD509             BPL.N    ??NVIC_SetPriority_0
   \   00000006   0x0109             LSLS     R1,R1,#+4
   \   00000008   0x.... 0x....      LDR.W    R2,??DataTable11_1  ;; 0xe000ed18
   \   0000000C   0xB240             SXTB     R0,R0            ;; SignExt  R0,R0,#+24,#+24
   \   0000000E   0xF010 0x000F      ANDS     R0,R0,#0xF
   \   00000012   0x1880             ADDS     R0,R0,R2
   \   00000014   0xF800 0x1C04      STRB     R1,[R0, #-4]
   \   00000018   0xE004             B.N      ??NVIC_SetPriority_1
   \                     ??NVIC_SetPriority_0: (+1)
   \   0000001A   0x0109             LSLS     R1,R1,#+4
   \   0000001C   0x.... 0x....      LDR.W    R2,??DataTable11_2  ;; 0xe000e400
   \   00000020   0xB240             SXTB     R0,R0            ;; SignExt  R0,R0,#+24,#+24
   \   00000022   0x5481             STRB     R1,[R0, R2]
   \                     ??NVIC_SetPriority_1: (+1)
   \   00000024   0x4770             BX       LR               ;; return

   \                                 In section .text, align 2, keep-with-next
   \   static __interwork __softfp uint32_t NVIC_EncodePriority(uint32_t, uint32_t, uint32_t)
   \                     NVIC_EncodePriority: (+1)
   \   00000000   0xB410             PUSH     {R4}
   \   00000002   0xF010 0x0007      ANDS     R0,R0,#0x7
   \   00000006   0xF1D0 0x0307      RSBS     R3,R0,#+7
   \   0000000A   0x2B05             CMP      R3,#+5
   \   0000000C   0xD301             BCC.N    ??NVIC_EncodePriority_0
   \   0000000E   0x2304             MOVS     R3,#+4
   \   00000010   0xE001             B.N      ??NVIC_EncodePriority_1
   \                     ??NVIC_EncodePriority_0: (+1)
   \   00000012   0xF1D0 0x0307      RSBS     R3,R0,#+7
   \                     ??NVIC_EncodePriority_1: (+1)
   \   00000016   0x1D04             ADDS     R4,R0,#+4
   \   00000018   0x2C07             CMP      R4,#+7
   \   0000001A   0xD201             BCS.N    ??NVIC_EncodePriority_2
   \   0000001C   0x2000             MOVS     R0,#+0
   \   0000001E   0xE000             B.N      ??NVIC_EncodePriority_3
   \                     ??NVIC_EncodePriority_2: (+1)
   \   00000020   0x1EC0             SUBS     R0,R0,#+3
   \                     ??NVIC_EncodePriority_3: (+1)
   \   00000022   0x2401             MOVS     R4,#+1
   \   00000024   0xFA14 0xF303      LSLS     R3,R4,R3
   \   00000028   0x1E5B             SUBS     R3,R3,#+1
   \   0000002A   0x4019             ANDS     R1,R3,R1
   \   0000002C   0x4081             LSLS     R1,R1,R0
   \   0000002E   0x2301             MOVS     R3,#+1
   \   00000030   0xFA13 0xF000      LSLS     R0,R3,R0
   \   00000034   0x1E40             SUBS     R0,R0,#+1
   \   00000036   0x4010             ANDS     R0,R0,R2
   \   00000038   0x4308             ORRS     R0,R0,R1
   \   0000003A   0xBC10             POP      {R4}
   \   0000003C   0x4770             BX       LR               ;; return
      8          /*
      9          Adaptation Made By tripack
     10          Implements UART_Buffer, ETC.
     11          */
     12          
     13          #define UART_BUFFER_SIZE 64
     14          #define PREC(ptr) ((ptr + UART_BUFFER_SIZE -1) % UART_BUFFER_SIZE)
     15          #define SUCC(ptr) ((ptr + 1) % UART_BUFFER_SIZE)
     16          

   \                                 In section .bss, align 4
     17          uint8 uart_buffer[UART_BUFFER_SIZE]={0}; //FIFO QUEUE
   \                     uart_buffer:
   \   00000000                      DS8 64

   \                                 In section .bss, align 1
     18          uint8 uart_top_ptr,uart_bot_ptr=0; //UART Buffer Pointer
   \                     uart_top_ptr:
   \   00000000                      DS8 1

   \                                 In section .bss, align 1
   \                     uart_bot_ptr:
   \   00000000                      DS8 1
     19          
     20          

   \                                 In section .text, align 2, keep-with-next
     21          void UART_Push(uint8 data){
     22          
     23            if(SUCC(uart_top_ptr)==uart_bot_ptr)
   \                     UART_Push: (+1)
   \   00000000   0x.... 0x....      LDR.W    R1,??DataTable11_3
   \   00000004   0x7809             LDRB     R1,[R1, #+0]
   \   00000006   0x1C49             ADDS     R1,R1,#+1
   \   00000008   0x2240             MOVS     R2,#+64
   \   0000000A   0xFB91 0xF3F2      SDIV     R3,R1,R2
   \   0000000E   0xFB03 0x1312      MLS      R3,R3,R2,R1
   \   00000012   0x.... 0x....      LDR.W    R1,??DataTable11_4
   \   00000016   0x7809             LDRB     R1,[R1, #+0]
   \   00000018   0x428B             CMP      R3,R1
   \   0000001A   0xD00D             BEQ.N    ??UART_Push_0
     24              return;
     25            //The queue is already full!
     26            //We Will Start Losing DATA!!
     27            uart_top_ptr=SUCC(uart_top_ptr);
   \                     ??UART_Push_1: (+1)
   \   0000001C   0x....             LDR.N    R1,??DataTable11_3
   \   0000001E   0x7809             LDRB     R1,[R1, #+0]
   \   00000020   0x1C49             ADDS     R1,R1,#+1
   \   00000022   0x2240             MOVS     R2,#+64
   \   00000024   0xFB91 0xF3F2      SDIV     R3,R1,R2
   \   00000028   0xFB03 0x1312      MLS      R3,R3,R2,R1
   \   0000002C   0x....             LDR.N    R1,??DataTable11_3
   \   0000002E   0x700B             STRB     R3,[R1, #+0]
     28            uart_buffer[uart_top_ptr]=data;
   \   00000030   0x....             LDR.N    R1,??DataTable11_5
   \   00000032   0x....             LDR.N    R2,??DataTable11_3
   \   00000034   0x7812             LDRB     R2,[R2, #+0]
   \   00000036   0x5450             STRB     R0,[R2, R1]
     29          }
   \                     ??UART_Push_0: (+1)
   \   00000038   0x4770             BX       LR               ;; return
     30          

   \                                 In section .text, align 2, keep-with-next
     31          uint8 UART_Pop(uint8 data){//FIFO out the data
     32            if(uart_top_ptr==uart_bot_ptr)
   \                     UART_Pop: (+1)
   \   00000000   0x....             LDR.N    R0,??DataTable11_3
   \   00000002   0x7800             LDRB     R0,[R0, #+0]
   \   00000004   0x....             LDR.N    R1,??DataTable11_4
   \   00000006   0x7809             LDRB     R1,[R1, #+0]
   \   00000008   0x4288             CMP      R0,R1
   \   0000000A   0xD101             BNE.N    ??UART_Pop_0
     33              return 0;
   \   0000000C   0x2000             MOVS     R0,#+0
   \   0000000E   0xE00D             B.N      ??UART_Pop_1
     34            uart_bot_ptr=SUCC(uart_bot_ptr);
   \                     ??UART_Pop_0: (+1)
   \   00000010   0x....             LDR.N    R0,??DataTable11_4
   \   00000012   0x7800             LDRB     R0,[R0, #+0]
   \   00000014   0x1C40             ADDS     R0,R0,#+1
   \   00000016   0x2140             MOVS     R1,#+64
   \   00000018   0xFB90 0xF2F1      SDIV     R2,R0,R1
   \   0000001C   0xFB02 0x0211      MLS      R2,R2,R1,R0
   \   00000020   0x....             LDR.N    R0,??DataTable11_4
   \   00000022   0x7002             STRB     R2,[R0, #+0]
     35            return uart_buffer[uart_bot_ptr];
   \   00000024   0x....             LDR.N    R0,??DataTable11_5
   \   00000026   0x....             LDR.N    R1,??DataTable11_4
   \   00000028   0x7809             LDRB     R1,[R1, #+0]
   \   0000002A   0x5C08             LDRB     R0,[R1, R0]
   \                     ??UART_Pop_1: (+1)
   \   0000002C   0x4770             BX       LR               ;; return
     36          }
     37          

   \                                 In section .text, align 2, keep-with-next
     38          uint8 UART_Available(){
     39            //Check if the queue is empty
     40            //If not empty, return the number of remaining terms
     41            return uart_top_ptr-uart_bot_ptr;
   \                     UART_Available: (+1)
   \   00000000   0x....             LDR.N    R0,??DataTable11_3
   \   00000002   0x7800             LDRB     R0,[R0, #+0]
   \   00000004   0x....             LDR.N    R1,??DataTable11_4
   \   00000006   0x7809             LDRB     R1,[R1, #+0]
   \   00000008   0x1A40             SUBS     R0,R0,R1
   \   0000000A   0xB2C0             UXTB     R0,R0            ;; ZeroExt  R0,R0,#+24,#+24
   \   0000000C   0x4770             BX       LR               ;; return
     42          }
     43            
     44            
     45          
     46          // === Receive ISR ===

   \                                 In section .text, align 2, keep-with-next
     47          void UART3_IRQHandler(void){
   \                     UART3_IRQHandler: (+1)
   \   00000000   0xB580             PUSH     {R7,LR}
     48            uint8 tmp = UART_GetChar();
   \   00000002   0x.... 0x....      BL       UART_GetChar
     49            UART_Push(tmp);
   \   00000006   0xB2C0             UXTB     R0,R0            ;; ZeroExt  R0,R0,#+24,#+24
   \   00000008   0x.... 0x....      BL       UART_Push
     50            LED2_Tog();
   \   0000000C   0x.... 0x....      BL       LED2_Tog
     51            return;
   \   00000010   0xBD01             POP      {R0,PC}          ;; return
     52          }
     53          
     54          
     55          // ----- Basic Functions -----
     56          
     57          // Read 

   \                                 In section .text, align 2, keep-with-next
     58          int8 UART_GetChar(){
     59            while(!(UART3->S1 & UART_S1_RDRF_MASK));
   \                     UART_GetChar: (+1)
   \                     ??UART_GetChar_0: (+1)
   \   00000000   0x....             LDR.N    R0,??DataTable11_6  ;; 0x4006d004
   \   00000002   0x7800             LDRB     R0,[R0, #+0]
   \   00000004   0x0680             LSLS     R0,R0,#+26
   \   00000006   0xD5FB             BPL.N    ??UART_GetChar_0
     60            return UART3->D;
   \   00000008   0x....             LDR.N    R0,??DataTable11_7  ;; 0x4006d007
   \   0000000A   0xF990 0x0000      LDRSB    R0,[R0, #+0]
   \   0000000E   0xB240             SXTB     R0,R0            ;; SignExt  R0,R0,#+24,#+24
   \   00000010   0x4770             BX       LR               ;; return
     61          }
     62          
     63          // Send

   \                                 In section .text, align 2, keep-with-next
     64          void UART_SendChar(uint8 data){
     65            while(!(UART3->S1 & UART_S1_TDRE_MASK));
   \                     UART_SendChar: (+1)
   \                     ??UART_SendChar_0: (+1)
   \   00000000   0x....             LDR.N    R1,??DataTable11_6  ;; 0x4006d004
   \   00000002   0x7809             LDRB     R1,[R1, #+0]
   \   00000004   0x0609             LSLS     R1,R1,#+24
   \   00000006   0xD5FB             BPL.N    ??UART_SendChar_0
     66            UART3->D = data;
   \   00000008   0x....             LDR.N    R1,??DataTable11_7  ;; 0x4006d007
   \   0000000A   0x7008             STRB     R0,[R1, #+0]
     67          }
   \   0000000C   0x4770             BX       LR               ;; return
     68          
     69          // Init

   \                                 In section .text, align 2, keep-with-next
     70          void UART_Init(u32 baud){
   \                     UART_Init: (+1)
   \   00000000   0xB510             PUSH     {R4,LR}
     71            //UART3
     72            
     73            uint16 sbr;
     74            uint32 busclock = g_bus_clock;
   \   00000002   0x....             LDR.N    R1,??DataTable11_8
   \   00000004   0x6809             LDR      R1,[R1, #+0]
     75          
     76            SIM->SCGC4 |= SIM_SCGC4_UART3_MASK;
   \   00000006   0x....             LDR.N    R2,??DataTable11_9  ;; 0x40048034
   \   00000008   0x6812             LDR      R2,[R2, #+0]
   \   0000000A   0xF452 0x5200      ORRS     R2,R2,#0x2000
   \   0000000E   0x....             LDR.N    R3,??DataTable11_9  ;; 0x40048034
   \   00000010   0x601A             STR      R2,[R3, #+0]
     77            
     78            PORTE->PCR[4] = PORT_PCR_MUX(3);
   \   00000012   0xF44F 0x7240      MOV      R2,#+768
   \   00000016   0x....             LDR.N    R3,??DataTable11_10  ;; 0x4004d010
   \   00000018   0x601A             STR      R2,[R3, #+0]
     79            PORTE->PCR[5] = PORT_PCR_MUX(3);
   \   0000001A   0xF44F 0x7240      MOV      R2,#+768
   \   0000001E   0x....             LDR.N    R3,??DataTable11_11  ;; 0x4004d014
   \   00000020   0x601A             STR      R2,[R3, #+0]
     80            UART3->C2 &= ~(UART_C2_TE_MASK | UART_C2_RE_MASK );  // DISABLE UART FIRST
   \   00000022   0x....             LDR.N    R2,??DataTable11_12  ;; 0x4006d003
   \   00000024   0x7812             LDRB     R2,[R2, #+0]
   \   00000026   0xF012 0x02F3      ANDS     R2,R2,#0xF3
   \   0000002A   0x....             LDR.N    R3,??DataTable11_12  ;; 0x4006d003
   \   0000002C   0x701A             STRB     R2,[R3, #+0]
     81            UART3->C1 = 0;  // NONE PARITY CHECK
   \   0000002E   0x2200             MOVS     R2,#+0
   \   00000030   0x....             LDR.N    R3,??DataTable11_13  ;; 0x4006d002
   \   00000032   0x701A             STRB     R2,[R3, #+0]
     82            
     83            //UART baud rate = UART module clock / (16 ¡Á (SBR[12:0] + BRFD))
     84            // BRFD = BRFA/32; fraction
     85            sbr = (uint16)(busclock/(16*baud));
   \   00000034   0x0102             LSLS     R2,R0,#+4
   \   00000036   0xFBB1 0xF2F2      UDIV     R2,R1,R2
     86            UART3->BDH = (UART3->BDH & 0XC0)|(uint8)((sbr & 0X1F00)>>8);
   \   0000003A   0x....             LDR.N    R3,??DataTable11_14  ;; 0x4006d000
   \   0000003C   0x781B             LDRB     R3,[R3, #+0]
   \   0000003E   0xF013 0x03C0      ANDS     R3,R3,#0xC0
   \   00000042   0xB292             UXTH     R2,R2            ;; ZeroExt  R2,R2,#+16,#+16
   \   00000044   0x1214             ASRS     R4,R2,#+8
   \   00000046   0xF014 0x041F      ANDS     R4,R4,#0x1F
   \   0000004A   0x4323             ORRS     R3,R4,R3
   \   0000004C   0x....             LDR.N    R4,??DataTable11_14  ;; 0x4006d000
   \   0000004E   0x7023             STRB     R3,[R4, #+0]
     87            UART3->BDL = (uint8)(sbr & 0XFF);
   \   00000050   0x....             LDR.N    R3,??DataTable11_15  ;; 0x4006d001
   \   00000052   0x701A             STRB     R2,[R3, #+0]
     88            
     89            UART3->C4 = (UART3->C4 & 0XE0)|(uint8)((32*busclock)/(16*baud)-sbr*32); 
   \   00000054   0x....             LDR.N    R3,??DataTable11_16  ;; 0x4006d00a
   \   00000056   0x781B             LDRB     R3,[R3, #+0]
   \   00000058   0xF013 0x03E0      ANDS     R3,R3,#0xE0
   \   0000005C   0x0149             LSLS     R1,R1,#+5
   \   0000005E   0x0100             LSLS     R0,R0,#+4
   \   00000060   0xFBB1 0xF0F0      UDIV     R0,R1,R0
   \   00000064   0xB292             UXTH     R2,R2            ;; ZeroExt  R2,R2,#+16,#+16
   \   00000066   0x0151             LSLS     R1,R2,#+5
   \   00000068   0x1A40             SUBS     R0,R0,R1
   \   0000006A   0x4318             ORRS     R0,R0,R3
   \   0000006C   0x....             LDR.N    R1,??DataTable11_16  ;; 0x4006d00a
   \   0000006E   0x7008             STRB     R0,[R1, #+0]
     90          
     91            UART3->C2 |=  UART_C2_RIE_MASK;
   \   00000070   0x....             LDR.N    R0,??DataTable11_12  ;; 0x4006d003
   \   00000072   0x7800             LDRB     R0,[R0, #+0]
   \   00000074   0xF050 0x0020      ORRS     R0,R0,#0x20
   \   00000078   0x....             LDR.N    R1,??DataTable11_12  ;; 0x4006d003
   \   0000007A   0x7008             STRB     R0,[R1, #+0]
     92            
     93            UART3->C2 |= UART_C2_RE_MASK;
   \   0000007C   0x....             LDR.N    R0,??DataTable11_12  ;; 0x4006d003
   \   0000007E   0x7800             LDRB     R0,[R0, #+0]
   \   00000080   0xF050 0x0004      ORRS     R0,R0,#0x4
   \   00000084   0x....             LDR.N    R1,??DataTable11_12  ;; 0x4006d003
   \   00000086   0x7008             STRB     R0,[R1, #+0]
     94            
     95            UART3->C2 |= UART_C2_TE_MASK; 
   \   00000088   0x....             LDR.N    R0,??DataTable11_12  ;; 0x4006d003
   \   0000008A   0x7800             LDRB     R0,[R0, #+0]
   \   0000008C   0xF050 0x0008      ORRS     R0,R0,#0x8
   \   00000090   0x....             LDR.N    R1,??DataTable11_12  ;; 0x4006d003
   \   00000092   0x7008             STRB     R0,[R1, #+0]
     96            
     97            UART3->C2 &= ~UART_C2_TCIE_MASK; //Disable IRQ request
   \   00000094   0x....             LDR.N    R0,??DataTable11_12  ;; 0x4006d003
   \   00000096   0x7800             LDRB     R0,[R0, #+0]
   \   00000098   0xF010 0x00BF      ANDS     R0,R0,#0xBF
   \   0000009C   0x....             LDR.N    R1,??DataTable11_12  ;; 0x4006d003
   \   0000009E   0x7008             STRB     R0,[R1, #+0]
     98             
     99            NVIC_EnableIRQ(UART3_RX_TX_IRQn); 
   \   000000A0   0x2033             MOVS     R0,#+51
   \   000000A2   0x.... 0x....      BL       NVIC_EnableIRQ
    100            NVIC_SetPriority(UART3_RX_TX_IRQn, NVIC_EncodePriority(NVIC_GROUP, 2, 2));
   \   000000A6   0x2202             MOVS     R2,#+2
   \   000000A8   0x2102             MOVS     R1,#+2
   \   000000AA   0x2005             MOVS     R0,#+5
   \   000000AC   0x.... 0x....      BL       NVIC_EncodePriority
   \   000000B0   0x0001             MOVS     R1,R0
   \   000000B2   0x2033             MOVS     R0,#+51
   \   000000B4   0x.... 0x....      BL       NVIC_SetPriority
    101          }
   \   000000B8   0xBD10             POP      {R4,PC}          ;; return
    102            

   \                                 In section .text, align 2, keep-with-next
    103          void UART_DMASend_Start(){
    104            DMA0->TCD[1].CSR &= ~DMA_CSR_DONE_MASK; //Clear
   \                     UART_DMASend_Start: (+1)
   \   00000000   0x....             LDR.N    R0,??DataTable11_17  ;; 0x4000903c
   \   00000002   0x8800             LDRH     R0,[R0, #+0]
   \   00000004   0xF64F 0x717F      MOVW     R1,#+65407
   \   00000008   0x4008             ANDS     R0,R1,R0
   \   0000000A   0x....             LDR.N    R1,??DataTable11_17  ;; 0x4000903c
   \   0000000C   0x8008             STRH     R0,[R1, #+0]
    105            //DMA0->TCD[1].CSR = DMA_CSR_DREQ_MASK | DMA_CSR_INTMAJOR_MASK;//Auto Clear
    106            //DMA0->TCD[1].CSR |= DMA_CSR_START_MASK; //Start
    107            DMA0->ERQ |= DMA_ERQ_ERQ1_MASK ; //Sets off the transmission
   \   0000000E   0x....             LDR.N    R0,??DataTable11_18  ;; 0x4000800c
   \   00000010   0x6800             LDR      R0,[R0, #+0]
   \   00000012   0xF050 0x0002      ORRS     R0,R0,#0x2
   \   00000016   0x....             LDR.N    R1,??DataTable11_18  ;; 0x4000800c
   \   00000018   0x6008             STR      R0,[R1, #+0]
    108          }
   \   0000001A   0x4770             BX       LR               ;; return
    109          

   \                                 In section .text, align 2, keep-with-next
    110          void UART_SendDataChunk(u8* dataptr,uint16 size){
   \                     UART_SendDataChunk: (+1)
   \   00000000   0xB580             PUSH     {R7,LR}
    111            DMA0->TCD[1].SADDR = (uint32_t)dataptr;
   \   00000002   0x....             LDR.N    R2,??DataTable11_19  ;; 0x40009020
   \   00000004   0x6010             STR      R0,[R2, #+0]
    112            DMA0->TCD[1].CITER_ELINKNO = DMA_CITER_ELINKNO_CITER(size);
   \   00000006   0x0448             LSLS     R0,R1,#+17       ;; ZeroExtS R0,R1,#+17,#+17
   \   00000008   0x0C40             LSRS     R0,R0,#+17
   \   0000000A   0x....             LDR.N    R2,??DataTable11_20  ;; 0x40009036
   \   0000000C   0x8010             STRH     R0,[R2, #+0]
    113            DMA0->TCD[1].BITER_ELINKNO = DMA_BITER_ELINKNO_BITER(size);
   \   0000000E   0x0448             LSLS     R0,R1,#+17       ;; ZeroExtS R0,R1,#+17,#+17
   \   00000010   0x0C40             LSRS     R0,R0,#+17
   \   00000012   0x....             LDR.N    R1,??DataTable11_21  ;; 0x4000903e
   \   00000014   0x8008             STRH     R0,[R1, #+0]
    114            UART_DMASend_Start();
   \   00000016   0x.... 0x....      BL       UART_DMASend_Start
    115          }
   \   0000001A   0xBD01             POP      {R0,PC}          ;; return
    116          
    117          

   \                                 In section .text, align 2, keep-with-next
    118          void UART_Configure_DMA(){
   \                     UART_Configure_DMA: (+1)
   \   00000000   0xB580             PUSH     {R7,LR}
    119            SIM->SCGC6 |= SIM_SCGC6_DMAMUX_MASK; //DMAMUX Clock Enable
   \   00000002   0x....             LDR.N    R0,??DataTable11_22  ;; 0x4004803c
   \   00000004   0x6800             LDR      R0,[R0, #+0]
   \   00000006   0xF050 0x0002      ORRS     R0,R0,#0x2
   \   0000000A   0x....             LDR.N    R1,??DataTable11_22  ;; 0x4004803c
   \   0000000C   0x6008             STR      R0,[R1, #+0]
    120            SIM->SCGC7 |= SIM_SCGC7_DMA_MASK; //DMA Clock Enable
   \   0000000E   0x....             LDR.N    R0,??DataTable11_23  ;; 0x40048040
   \   00000010   0x6800             LDR      R0,[R0, #+0]
   \   00000012   0xF050 0x0002      ORRS     R0,R0,#0x2
   \   00000016   0x....             LDR.N    R1,??DataTable11_23  ;; 0x40048040
   \   00000018   0x6008             STR      R0,[R1, #+0]
    121            
    122            DMAMUX->CHCFG[1] |= DMAMUX_CHCFG_SOURCE(9); //RAM->UART3_Transmitting, request UART3
   \   0000001A   0x....             LDR.N    R0,??DataTable11_24  ;; 0x40021001
   \   0000001C   0x7800             LDRB     R0,[R0, #+0]
   \   0000001E   0xF050 0x0009      ORRS     R0,R0,#0x9
   \   00000022   0x....             LDR.N    R1,??DataTable11_24  ;; 0x40021001
   \   00000024   0x7008             STRB     R0,[R1, #+0]
    123            
    124            DMA0->DCHPRI1 = DMA_DCHPRI1_CHPRI(0) | DMA_DCHPRI1_ECP_MASK; //This DMA Can be suspended by other DMAs
   \   00000026   0x2080             MOVS     R0,#+128
   \   00000028   0x....             LDR.N    R1,??DataTable11_25  ;; 0x40008102
   \   0000002A   0x7008             STRB     R0,[R1, #+0]
    125            
    126            DMA0->TCD[1].CSR = 0x00000000; //Clear
   \   0000002C   0x2000             MOVS     R0,#+0
   \   0000002E   0x....             LDR.N    R1,??DataTable11_17  ;; 0x4000903c
   \   00000030   0x8008             STRH     R0,[R1, #+0]
    127            DMA0->TCD[1].CSR = DMA_CSR_DREQ_MASK | DMA_CSR_INTMAJOR_MASK; //Auto Clear
   \   00000032   0x200A             MOVS     R0,#+10
   \   00000034   0x....             LDR.N    R1,??DataTable11_17  ;; 0x4000903c
   \   00000036   0x8008             STRH     R0,[R1, #+0]
    128            //DMA0->TCD[1].CSR &= ~DMA_CSR_INTMAJOR_MASK; //Disable Major Loop Int
    129            
    130            DMA0->TCD[1].ATTR = DMA_ATTR_SSIZE(0) | DMA_ATTR_DSIZE(0); //Source 8 bits, Aim 8 bits
   \   00000038   0x2000             MOVS     R0,#+0
   \   0000003A   0x....             LDR.N    R1,??DataTable11_26  ;; 0x40009026
   \   0000003C   0x8008             STRH     R0,[R1, #+0]
    131            DMA0->TCD[1].NBYTES_MLNO = DMA_NBYTES_MLNO_NBYTES(1); //one byte each
   \   0000003E   0x2001             MOVS     R0,#+1
   \   00000040   0x....             LDR.N    R1,??DataTable11_27  ;; 0x40009028
   \   00000042   0x6008             STR      R0,[R1, #+0]
    132            
    133            //DMA0->TCD[0].SADDR = (uint32_t)0; //Source Remains to Be put in!
    134            DMA0->TCD[1].SOFF = 1; //Source moving
   \   00000044   0x2001             MOVS     R0,#+1
   \   00000046   0x....             LDR.N    R1,??DataTable11_28  ;; 0x40009024
   \   00000048   0x8008             STRH     R0,[R1, #+0]
    135            DMA0->TCD[1].SLAST = 0; //Last Source fixed
   \   0000004A   0x2000             MOVS     R0,#+0
   \   0000004C   0x....             LDR.N    R1,??DataTable11_29  ;; 0x4000902c
   \   0000004E   0x6008             STR      R0,[R1, #+0]
    136            
    137            DMA0->TCD[1].DADDR = (uint32_t)&UART3->D; //Destination 
   \   00000050   0x....             LDR.N    R0,??DataTable11_7  ;; 0x4006d007
   \   00000052   0x....             LDR.N    R1,??DataTable11_30  ;; 0x40009030
   \   00000054   0x6008             STR      R0,[R1, #+0]
    138            DMA0->TCD[1].DOFF = 0;
   \   00000056   0x2000             MOVS     R0,#+0
   \   00000058   0x....             LDR.N    R1,??DataTable11_31  ;; 0x40009034
   \   0000005A   0x8008             STRH     R0,[R1, #+0]
    139            DMA0->TCD[1].DLAST_SGA = 0;
   \   0000005C   0x2000             MOVS     R0,#+0
   \   0000005E   0x....             LDR.N    R1,??DataTable11_32  ;; 0x40009038
   \   00000060   0x6008             STR      R0,[R1, #+0]
    140            
    141            NVIC_EnableIRQ(DMA1_IRQn);
   \   00000062   0x2001             MOVS     R0,#+1
   \   00000064   0x.... 0x....      BL       NVIC_EnableIRQ
    142            NVIC_SetPriority(DMA1_IRQn, NVIC_EncodePriority(NVIC_GROUP, 2, 1));
   \   00000068   0x2201             MOVS     R2,#+1
   \   0000006A   0x2102             MOVS     R1,#+2
   \   0000006C   0x2005             MOVS     R0,#+5
   \   0000006E   0x.... 0x....      BL       NVIC_EncodePriority
   \   00000072   0x0001             MOVS     R1,R0
   \   00000074   0x2001             MOVS     R0,#+1
   \   00000076   0x.... 0x....      BL       NVIC_SetPriority
    143            DMA0->INT |= DMA_INT_INT1_MASK; //Open Interrupt
   \   0000007A   0x....             LDR.N    R0,??DataTable11_33  ;; 0x40008024
   \   0000007C   0x6800             LDR      R0,[R0, #+0]
   \   0000007E   0xF050 0x0002      ORRS     R0,R0,#0x2
   \   00000082   0x....             LDR.N    R1,??DataTable11_33  ;; 0x40008024
   \   00000084   0x6008             STR      R0,[R1, #+0]
    144            //DMA0->TCD[0].CITER_ELINKNO = DMA_CITER_ELINKNO_CITER(1);
    145            //DMA0->TCD[0].BITER_ELINKNO = DMA_BITER_ELINKNO_BITER(1);
    146            
    147            //DMA->ERQ&=~DMA_ERQ_ERQ0_MASK;//Clear Disable
    148            DMAMUX->CHCFG[1] |= DMAMUX_CHCFG_ENBL_MASK; //Enable
   \   00000086   0x....             LDR.N    R0,??DataTable11_24  ;; 0x40021001
   \   00000088   0x7800             LDRB     R0,[R0, #+0]
   \   0000008A   0xF050 0x0080      ORRS     R0,R0,#0x80
   \   0000008E   0x....             LDR.N    R1,??DataTable11_24  ;; 0x40021001
   \   00000090   0x7008             STRB     R0,[R1, #+0]
    149            
    150          }
   \   00000092   0xBD01             POP      {R0,PC}          ;; return
    151          

   \                                 In section .text, align 2, keep-with-next
    152          void UART_SetMode(uint8 mode){
   \                     UART_SetMode: (+1)
   \   00000000   0xB580             PUSH     {R7,LR}
    153            switch(mode){
   \   00000002   0xB2C0             UXTB     R0,R0            ;; ZeroExt  R0,R0,#+24,#+24
   \   00000004   0x2801             CMP      R0,#+1
   \   00000006   0xD004             BEQ.N    ??UART_SetMode_0
   \   00000008   0xD367             BCC.N    ??UART_SetMode_1
   \   0000000A   0x2803             CMP      R0,#+3
   \   0000000C   0xD023             BEQ.N    ??UART_SetMode_2
   \   0000000E   0xD346             BCC.N    ??UART_SetMode_3
   \   00000010   0xE063             B.N      ??UART_SetMode_1
    154            case UART_MODE_DMA_MANNUAL:
    155              UART3->C2 &= ~UART_C2_TE_MASK; //Disable Transmission
   \                     ??UART_SetMode_0: (+1)
   \   00000012   0x....             LDR.N    R0,??DataTable11_12  ;; 0x4006d003
   \   00000014   0x7800             LDRB     R0,[R0, #+0]
   \   00000016   0xF010 0x00F7      ANDS     R0,R0,#0xF7
   \   0000001A   0x....             LDR.N    R1,??DataTable11_12  ;; 0x4006d003
   \   0000001C   0x7008             STRB     R0,[R1, #+0]
    156                UART3->C2 &= ~UART_C2_TCIE_MASK; //Disable IRQ request
   \   0000001E   0x....             LDR.N    R0,??DataTable11_12  ;; 0x4006d003
   \   00000020   0x7800             LDRB     R0,[R0, #+0]
   \   00000022   0xF010 0x00BF      ANDS     R0,R0,#0xBF
   \   00000026   0x....             LDR.N    R1,??DataTable11_12  ;; 0x4006d003
   \   00000028   0x7008             STRB     R0,[R1, #+0]
    157                UART3->C5 |= UART_C5_TDMAS_MASK; //Enable DMA request
   \   0000002A   0x....             LDR.N    R0,??DataTable11_34  ;; 0x4006d00b
   \   0000002C   0x7800             LDRB     R0,[R0, #+0]
   \   0000002E   0xF050 0x0080      ORRS     R0,R0,#0x80
   \   00000032   0x....             LDR.N    R1,??DataTable11_34  ;; 0x4006d00b
   \   00000034   0x7008             STRB     R0,[R1, #+0]
    158                UART3->C2 |= UART_C2_TIE_MASK; //Enable UART to send IRQ or DMA request
   \   00000036   0x....             LDR.N    R0,??DataTable11_12  ;; 0x4006d003
   \   00000038   0x7800             LDRB     R0,[R0, #+0]
   \   0000003A   0xF050 0x0080      ORRS     R0,R0,#0x80
   \   0000003E   0x....             LDR.N    R1,??DataTable11_12  ;; 0x4006d003
   \   00000040   0x7008             STRB     R0,[R1, #+0]
    159                DMA0->TCD[1].CSR = DMA_CSR_DREQ_MASK; //Reset DMA_Control-Status-Register
   \   00000042   0x2008             MOVS     R0,#+8
   \   00000044   0x....             LDR.N    R1,??DataTable11_17  ;; 0x4000903c
   \   00000046   0x8008             STRH     R0,[R1, #+0]
    160              UART3->C2 |= UART_C2_TE_MASK; //Enables Transmission
   \   00000048   0x....             LDR.N    R0,??DataTable11_12  ;; 0x4006d003
   \   0000004A   0x7800             LDRB     R0,[R0, #+0]
   \   0000004C   0xF050 0x0008      ORRS     R0,R0,#0x8
   \   00000050   0x....             LDR.N    R1,??DataTable11_12  ;; 0x4006d003
   \   00000052   0x7008             STRB     R0,[R1, #+0]
    161              break;
   \   00000054   0xE041             B.N      ??UART_SetMode_1
    162            case UART_MODE_DMA_CONTINUOUS:
    163              UART3->C2 &= ~UART_C2_TE_MASK; //Disable Transmission
   \                     ??UART_SetMode_2: (+1)
   \   00000056   0x....             LDR.N    R0,??DataTable11_12  ;; 0x4006d003
   \   00000058   0x7800             LDRB     R0,[R0, #+0]
   \   0000005A   0xF010 0x00F7      ANDS     R0,R0,#0xF7
   \   0000005E   0x....             LDR.N    R1,??DataTable11_12  ;; 0x4006d003
   \   00000060   0x7008             STRB     R0,[R1, #+0]
    164                UART3->C2 &= ~UART_C2_TCIE_MASK; //Disable IRQ request
   \   00000062   0x....             LDR.N    R0,??DataTable11_12  ;; 0x4006d003
   \   00000064   0x7800             LDRB     R0,[R0, #+0]
   \   00000066   0xF010 0x00BF      ANDS     R0,R0,#0xBF
   \   0000006A   0x....             LDR.N    R1,??DataTable11_12  ;; 0x4006d003
   \   0000006C   0x7008             STRB     R0,[R1, #+0]
    165                UART3->C5 |= UART_C5_TDMAS_MASK; //Enable DMA request
   \   0000006E   0x....             LDR.N    R0,??DataTable11_34  ;; 0x4006d00b
   \   00000070   0x7800             LDRB     R0,[R0, #+0]
   \   00000072   0xF050 0x0080      ORRS     R0,R0,#0x80
   \   00000076   0x....             LDR.N    R1,??DataTable11_34  ;; 0x4006d00b
   \   00000078   0x7008             STRB     R0,[R1, #+0]
    166                UART3->C2 |= UART_C2_TIE_MASK; //Enable UART to send IRQ or DMA request
   \   0000007A   0x....             LDR.N    R0,??DataTable11_12  ;; 0x4006d003
   \   0000007C   0x7800             LDRB     R0,[R0, #+0]
   \   0000007E   0xF050 0x0080      ORRS     R0,R0,#0x80
   \   00000082   0x....             LDR.N    R1,??DataTable11_12  ;; 0x4006d003
   \   00000084   0x7008             STRB     R0,[R1, #+0]
    167                DMA0->TCD[1].CSR = DMA_CSR_DREQ_MASK | DMA_CSR_INTMAJOR_MASK;
   \   00000086   0x200A             MOVS     R0,#+10
   \   00000088   0x....             LDR.N    R1,??DataTable11_17  ;; 0x4000903c
   \   0000008A   0x8008             STRH     R0,[R1, #+0]
    168                //Reset DMA_Control-Status-Register, Enable Major-Loop-Interupt
    169              UART3->C2 |= UART_C2_TE_MASK; //Enables Transmission
   \   0000008C   0x....             LDR.N    R0,??DataTable11_12  ;; 0x4006d003
   \   0000008E   0x7800             LDRB     R0,[R0, #+0]
   \   00000090   0xF050 0x0008      ORRS     R0,R0,#0x8
   \   00000094   0x....             LDR.N    R1,??DataTable11_12  ;; 0x4006d003
   \   00000096   0x7008             STRB     R0,[R1, #+0]
    170              DMA1_IRQHandler();
   \   00000098   0x.... 0x....      BL       DMA1_IRQHandler
    171              break;
   \   0000009C   0xE01D             B.N      ??UART_SetMode_1
    172            case UART_MODE_MANNUAL:
    173              UART3->C2 &= ~UART_C2_TE_MASK; //Disable Transmission
   \                     ??UART_SetMode_3: (+1)
   \   0000009E   0x....             LDR.N    R0,??DataTable11_12  ;; 0x4006d003
   \   000000A0   0x7800             LDRB     R0,[R0, #+0]
   \   000000A2   0xF010 0x00F7      ANDS     R0,R0,#0xF7
   \   000000A6   0x....             LDR.N    R1,??DataTable11_12  ;; 0x4006d003
   \   000000A8   0x7008             STRB     R0,[R1, #+0]
    174                UART3->C2 &= ~UART_C2_TCIE_MASK; //Disable IRQ request
   \   000000AA   0x....             LDR.N    R0,??DataTable11_12  ;; 0x4006d003
   \   000000AC   0x7800             LDRB     R0,[R0, #+0]
   \   000000AE   0xF010 0x00BF      ANDS     R0,R0,#0xBF
   \   000000B2   0x....             LDR.N    R1,??DataTable11_12  ;; 0x4006d003
   \   000000B4   0x7008             STRB     R0,[R1, #+0]
    175                UART3->C2 &= ~UART_C2_TIE_MASK; //Disable UART to send IRQ or DMA request
   \   000000B6   0x....             LDR.N    R0,??DataTable11_12  ;; 0x4006d003
   \   000000B8   0x7800             LDRB     R0,[R0, #+0]
   \   000000BA   0xF010 0x007F      ANDS     R0,R0,#0x7F
   \   000000BE   0x....             LDR.N    R1,??DataTable11_12  ;; 0x4006d003
   \   000000C0   0x7008             STRB     R0,[R1, #+0]
    176                UART3->C5 &= ~UART_C5_TDMAS_MASK; //Enable DMA request
   \   000000C2   0x....             LDR.N    R0,??DataTable11_34  ;; 0x4006d00b
   \   000000C4   0x7800             LDRB     R0,[R0, #+0]
   \   000000C6   0xF010 0x007F      ANDS     R0,R0,#0x7F
   \   000000CA   0x....             LDR.N    R1,??DataTable11_34  ;; 0x4006d00b
   \   000000CC   0x7008             STRB     R0,[R1, #+0]
    177                //Reset DMA_Control-Status-Register, Enable Major-Loop-Interupt
    178              UART3->C2 |= UART_C2_TE_MASK; //Enables Transmission
   \   000000CE   0x....             LDR.N    R0,??DataTable11_12  ;; 0x4006d003
   \   000000D0   0x7800             LDRB     R0,[R0, #+0]
   \   000000D2   0xF050 0x0008      ORRS     R0,R0,#0x8
   \   000000D6   0x....             LDR.N    R1,??DataTable11_12  ;; 0x4006d003
   \   000000D8   0x7008             STRB     R0,[R1, #+0]
    179              break;    
    180            }
    181          }
   \                     ??UART_SetMode_1: (+1)
   \   000000DA   0xBD01             POP      {R0,PC}          ;; return

   \                                 In section .text, align 4, keep-with-next
   \                     ??DataTable11:
   \   00000000   0xE000E100         DC32     0xe000e100

   \                                 In section .text, align 4, keep-with-next
   \                     ??DataTable11_1:
   \   00000000   0xE000ED18         DC32     0xe000ed18

   \                                 In section .text, align 4, keep-with-next
   \                     ??DataTable11_2:
   \   00000000   0xE000E400         DC32     0xe000e400

   \                                 In section .text, align 4, keep-with-next
   \                     ??DataTable11_3:
   \   00000000   0x........         DC32     uart_top_ptr

   \                                 In section .text, align 4, keep-with-next
   \                     ??DataTable11_4:
   \   00000000   0x........         DC32     uart_bot_ptr

   \                                 In section .text, align 4, keep-with-next
   \                     ??DataTable11_5:
   \   00000000   0x........         DC32     uart_buffer

   \                                 In section .text, align 4, keep-with-next
   \                     ??DataTable11_6:
   \   00000000   0x4006D004         DC32     0x4006d004

   \                                 In section .text, align 4, keep-with-next
   \                     ??DataTable11_7:
   \   00000000   0x4006D007         DC32     0x4006d007

   \                                 In section .text, align 4, keep-with-next
   \                     ??DataTable11_8:
   \   00000000   0x........         DC32     g_bus_clock

   \                                 In section .text, align 4, keep-with-next
   \                     ??DataTable11_9:
   \   00000000   0x40048034         DC32     0x40048034

   \                                 In section .text, align 4, keep-with-next
   \                     ??DataTable11_10:
   \   00000000   0x4004D010         DC32     0x4004d010

   \                                 In section .text, align 4, keep-with-next
   \                     ??DataTable11_11:
   \   00000000   0x4004D014         DC32     0x4004d014

   \                                 In section .text, align 4, keep-with-next
   \                     ??DataTable11_12:
   \   00000000   0x4006D003         DC32     0x4006d003

   \                                 In section .text, align 4, keep-with-next
   \                     ??DataTable11_13:
   \   00000000   0x4006D002         DC32     0x4006d002

   \                                 In section .text, align 4, keep-with-next
   \                     ??DataTable11_14:
   \   00000000   0x4006D000         DC32     0x4006d000

   \                                 In section .text, align 4, keep-with-next
   \                     ??DataTable11_15:
   \   00000000   0x4006D001         DC32     0x4006d001

   \                                 In section .text, align 4, keep-with-next
   \                     ??DataTable11_16:
   \   00000000   0x4006D00A         DC32     0x4006d00a

   \                                 In section .text, align 4, keep-with-next
   \                     ??DataTable11_17:
   \   00000000   0x4000903C         DC32     0x4000903c

   \                                 In section .text, align 4, keep-with-next
   \                     ??DataTable11_18:
   \   00000000   0x4000800C         DC32     0x4000800c

   \                                 In section .text, align 4, keep-with-next
   \                     ??DataTable11_19:
   \   00000000   0x40009020         DC32     0x40009020

   \                                 In section .text, align 4, keep-with-next
   \                     ??DataTable11_20:
   \   00000000   0x40009036         DC32     0x40009036

   \                                 In section .text, align 4, keep-with-next
   \                     ??DataTable11_21:
   \   00000000   0x4000903E         DC32     0x4000903e

   \                                 In section .text, align 4, keep-with-next
   \                     ??DataTable11_22:
   \   00000000   0x4004803C         DC32     0x4004803c

   \                                 In section .text, align 4, keep-with-next
   \                     ??DataTable11_23:
   \   00000000   0x40048040         DC32     0x40048040

   \                                 In section .text, align 4, keep-with-next
   \                     ??DataTable11_24:
   \   00000000   0x40021001         DC32     0x40021001

   \                                 In section .text, align 4, keep-with-next
   \                     ??DataTable11_25:
   \   00000000   0x40008102         DC32     0x40008102

   \                                 In section .text, align 4, keep-with-next
   \                     ??DataTable11_26:
   \   00000000   0x40009026         DC32     0x40009026

   \                                 In section .text, align 4, keep-with-next
   \                     ??DataTable11_27:
   \   00000000   0x40009028         DC32     0x40009028

   \                                 In section .text, align 4, keep-with-next
   \                     ??DataTable11_28:
   \   00000000   0x40009024         DC32     0x40009024

   \                                 In section .text, align 4, keep-with-next
   \                     ??DataTable11_29:
   \   00000000   0x4000902C         DC32     0x4000902c

   \                                 In section .text, align 4, keep-with-next
   \                     ??DataTable11_30:
   \   00000000   0x40009030         DC32     0x40009030

   \                                 In section .text, align 4, keep-with-next
   \                     ??DataTable11_31:
   \   00000000   0x40009034         DC32     0x40009034

   \                                 In section .text, align 4, keep-with-next
   \                     ??DataTable11_32:
   \   00000000   0x40009038         DC32     0x40009038

   \                                 In section .text, align 4, keep-with-next
   \                     ??DataTable11_33:
   \   00000000   0x40008024         DC32     0x40008024

   \                                 In section .text, align 4, keep-with-next
   \                     ??DataTable11_34:
   \   00000000   0x4006D00B         DC32     0x4006d00b
    182              

   Maximum stack usage in bytes:

   .cstack Function
   ------- --------
       0   NVIC_EnableIRQ
       4   NVIC_EncodePriority
       0   NVIC_SetPriority
       8   UART3_IRQHandler
         8   -> LED2_Tog
         8   -> UART_GetChar
         8   -> UART_Push
       0   UART_Available
       8   UART_Configure_DMA
         8   -> NVIC_EnableIRQ
         8   -> NVIC_EncodePriority
         8   -> NVIC_SetPriority
       0   UART_DMASend_Start
       0   UART_GetChar
       8   UART_Init
         8   -> NVIC_EnableIRQ
         8   -> NVIC_EncodePriority
         8   -> NVIC_SetPriority
       0   UART_Pop
       0   UART_Push
       0   UART_SendChar
       8   UART_SendDataChunk
         8   -> UART_DMASend_Start
       8   UART_SetMode
         8   -> DMA1_IRQHandler


   Section sizes:

   Bytes  Function/Label
   -----  --------------
       4  ??DataTable11
       4  ??DataTable11_1
       4  ??DataTable11_10
       4  ??DataTable11_11
       4  ??DataTable11_12
       4  ??DataTable11_13
       4  ??DataTable11_14
       4  ??DataTable11_15
       4  ??DataTable11_16
       4  ??DataTable11_17
       4  ??DataTable11_18
       4  ??DataTable11_19
       4  ??DataTable11_2
       4  ??DataTable11_20
       4  ??DataTable11_21
       4  ??DataTable11_22
       4  ??DataTable11_23
       4  ??DataTable11_24
       4  ??DataTable11_25
       4  ??DataTable11_26
       4  ??DataTable11_27
       4  ??DataTable11_28
       4  ??DataTable11_29
       4  ??DataTable11_3
       4  ??DataTable11_30
       4  ??DataTable11_31
       4  ??DataTable11_32
       4  ??DataTable11_33
       4  ??DataTable11_34
       4  ??DataTable11_4
       4  ??DataTable11_5
       4  ??DataTable11_6
       4  ??DataTable11_7
       4  ??DataTable11_8
       4  ??DataTable11_9
      22  NVIC_EnableIRQ
      62  NVIC_EncodePriority
      38  NVIC_SetPriority
      18  UART3_IRQHandler
      14  UART_Available
     148  UART_Configure_DMA
      28  UART_DMASend_Start
      18  UART_GetChar
     186  UART_Init
      46  UART_Pop
      58  UART_Push
      14  UART_SendChar
      28  UART_SendDataChunk
     220  UART_SetMode
       1  uart_bot_ptr
      64  uart_buffer
       1  uart_top_ptr

 
    66 bytes in section .bss
 1 040 bytes in section .text
 
 1 040 bytes of CODE memory
    66 bytes of DATA memory

Errors: none
Warnings: 1
